<?xml version="1.0" encoding="UTF-8"?>
<testng-results ignored="0" total="4" passed="3" failed="0" skipped="1">
  <reporter-output>
  </reporter-output>
  <suite started-at="2021-07-03T23:37:35 IST" name="ToolsQA Testing" finished-at="2021-07-03T23:37:50 IST" duration-ms="14119">
    <groups>
    </groups>
    <test started-at="2021-07-03T23:37:35 IST" name="Login Test" finished-at="2021-07-03T23:37:44 IST" duration-ms="8107">
      <class name="Test.ToolQA_Login_Test">
        <test-method signature="getLaunch_URL_Test()[pri:0, instance:Test.ToolQA_Login_Test@659925f4]" started-at="2021-07-03T23:37:36 IST" name="getLaunch_URL_Test" finished-at="2021-07-03T23:37:40 IST" duration-ms="4819" status="PASS">
          <reporter-output>
          </reporter-output>
        </test-method> <!-- getLaunch_URL_Test -->
        <test-method signature="element_Page_Test()[pri:1, instance:Test.ToolQA_Login_Test@659925f4]" started-at="2021-07-03T23:37:40 IST" name="element_Page_Test" finished-at="2021-07-03T23:37:44 IST" duration-ms="3199" status="PASS">
          <reporter-output>
          </reporter-output>
        </test-method> <!-- element_Page_Test -->
      </class> <!-- Test.ToolQA_Login_Test -->
    </test> <!-- Login Test -->
    <test started-at="2021-07-03T23:37:44 IST" name="Text Box" finished-at="2021-07-03T23:37:44 IST" duration-ms="32">
      <class name="Test.ToolQA_text_box_Test">
        <test-method signature="Text_Box_Test(java.lang.String,java.lang.String,java.lang.String,java.lang.String)[pri:0, instance:Test.ToolQA_text_box_Test@4a55a6e8]" started-at="2021-07-03T23:37:44 IST" name="Text_Box_Test" data-provider="data" finished-at="2021-07-03T23:37:44 IST" duration-ms="0" status="SKIP">
          <exception class="java.lang.RuntimeException">
            <message>
              <![CDATA[java.io.FileNotFoundException: D:\Workspace\TestNG_Framework\src\main\java\test_Data\ToolsQA_Data.xlsx (The system cannot find the path specified)]]>
            </message>
            <full-stacktrace>
              <![CDATA[java.lang.RuntimeException: java.io.FileNotFoundException: D:\Workspace\TestNG_Framework\src\main\java\test_Data\ToolsQA_Data.xlsx (The system cannot find the path specified)
at org.testng.internal.MethodInvocationHelper.invokeMethodNoCheckedException(MethodInvocationHelper.java:50)
at org.testng.internal.MethodInvocationHelper.invokeDataProvider(MethodInvocationHelper.java:146)
at org.testng.internal.Parameters.handleParameters(Parameters.java:798)
at org.testng.internal.Parameters.handleParameters(Parameters.java:740)
at org.testng.internal.ParameterHandler.handleParameters(ParameterHandler.java:59)
at org.testng.internal.ParameterHandler.createParameters(ParameterHandler.java:38)
at org.testng.internal.TestInvoker$MethodInvocationAgent.invoke(TestInvoker.java:791)
at org.testng.internal.TestInvoker.invokeTestMethods(TestInvoker.java:146)
at org.testng.internal.TestMethodWorker.invokeTestMethods(TestMethodWorker.java:146)
at org.testng.internal.TestMethodWorker.run(TestMethodWorker.java:128)
at java.base/java.util.ArrayList.forEach(ArrayList.java:1511)
at org.testng.TestRunner.privateRun(TestRunner.java:794)
at org.testng.TestRunner.run(TestRunner.java:596)
at org.testng.SuiteRunner.runTest(SuiteRunner.java:377)
at org.testng.SuiteRunner.runSequentially(SuiteRunner.java:371)
at org.testng.SuiteRunner.privateRun(SuiteRunner.java:332)
at org.testng.SuiteRunner.run(SuiteRunner.java:276)
at org.testng.SuiteRunnerWorker.runSuite(SuiteRunnerWorker.java:53)
at org.testng.SuiteRunnerWorker.run(SuiteRunnerWorker.java:96)
at org.testng.TestNG.runSuitesSequentially(TestNG.java:1212)
at org.testng.TestNG.runSuitesLocally(TestNG.java:1134)
at org.testng.TestNG.runSuites(TestNG.java:1063)
at org.testng.TestNG.run(TestNG.java:1031)
at org.testng.remote.AbstractRemoteTestNG.run(AbstractRemoteTestNG.java:115)
at org.testng.remote.RemoteTestNG.initAndRun(RemoteTestNG.java:251)
at org.testng.remote.RemoteTestNG.main(RemoteTestNG.java:77)
Caused by: java.io.FileNotFoundException: D:\Workspace\TestNG_Framework\src\main\java\test_Data\ToolsQA_Data.xlsx (The system cannot find the path specified)
at java.base/java.io.FileInputStream.open0(Native Method)
at java.base/java.io.FileInputStream.open(FileInputStream.java:211)
at java.base/java.io.FileInputStream.<init>(FileInputStream.java:153)
at java.base/java.io.FileInputStream.<init>(FileInputStream.java:108)
at excelUtility.ExcelUtility.getRowCount(ExcelUtility.java:26)
at Test.ToolQA_text_box_Test.getData(ToolQA_text_box_Test.java:43)
at java.base/jdk.internal.reflect.NativeMethodAccessorImpl.invoke0(Native Method)
at java.base/jdk.internal.reflect.NativeMethodAccessorImpl.invoke(NativeMethodAccessorImpl.java:78)
at java.base/jdk.internal.reflect.DelegatingMethodAccessorImpl.invoke(DelegatingMethodAccessorImpl.java:43)
at java.base/java.lang.reflect.Method.invoke(Method.java:567)
at org.testng.internal.MethodInvocationHelper.invokeMethod(MethodInvocationHelper.java:133)
at org.testng.internal.MethodInvocationHelper.invokeMethod(MethodInvocationHelper.java:77)
at org.testng.internal.MethodInvocationHelper.invokeMethodNoCheckedException(MethodInvocationHelper.java:46)
... 25 more
]]>
            </full-stacktrace>
          </exception> <!-- java.lang.RuntimeException -->
          <reporter-output>
          </reporter-output>
        </test-method> <!-- Text_Box_Test -->
      </class> <!-- Test.ToolQA_text_box_Test -->
    </test> <!-- Text Box -->
    <test started-at="2021-07-03T23:37:44 IST" name="Check Box" finished-at="2021-07-03T23:37:50 IST" duration-ms="5765">
      <class name="Test.ToolQA_Check_Box_Test">
        <test-method signature="Check_Box_Test()[pri:0, instance:Test.ToolQA_Check_Box_Test@68ba310d]" started-at="2021-07-03T23:37:44 IST" name="Check_Box_Test" finished-at="2021-07-03T23:37:50 IST" duration-ms="5757" status="PASS">
          <reporter-output>
          </reporter-output>
        </test-method> <!-- Check_Box_Test -->
      </class> <!-- Test.ToolQA_Check_Box_Test -->
    </test> <!-- Check Box -->
  </suite> <!-- ToolsQA Testing -->
</testng-results>
